Classic Timing Analyzer report for d_flipflop
Sat Jan 04 18:32:51 2020
Quartus II Version 9.0 Build 132 02/25/2009 SJ Full Version


---------------------
; Table of Contents ;
---------------------
  1. Legal Notice
  2. Timing Analyzer Summary
  3. Timing Analyzer Settings
  4. Clock Settings Summary
  5. Parallel Compilation
  6. tsu
  7. tco
  8. th
  9. Timing Analyzer Messages



----------------
; Legal Notice ;
----------------
Copyright (C) 1991-2009 Altera Corporation
Your use of Altera Corporation's design tools, logic functions 
and other software and tools, and its AMPP partner logic 
functions, and any output files from any of the foregoing 
(including device programming or simulation files), and any 
associated documentation or information are expressly subject 
to the terms and conditions of the Altera Program License 
Subscription Agreement, Altera MegaCore Function License 
Agreement, or other applicable license agreement, including, 
without limitation, that your use is for the sole purpose of 
programming logic devices manufactured by Altera and sold by 
Altera or its authorized distributors.  Please refer to the 
applicable agreement for further details.



+-----------------------------------------------------------------------------------------------------------------------------------+
; Timing Analyzer Summary                                                                                                           ;
+------------------------------+-------+---------------+-------------+---------+-------------+------------+----------+--------------+
; Type                         ; Slack ; Required Time ; Actual Time ; From    ; To          ; From Clock ; To Clock ; Failed Paths ;
+------------------------------+-------+---------------+-------------+---------+-------------+------------+----------+--------------+
; Worst-case tsu               ; N/A   ; None          ; 3.133 ns    ; d       ; q_not$latch ; --         ; enable   ; 0            ;
; Worst-case tco               ; N/A   ; None          ; 4.991 ns    ; q$latch ; q           ; enable     ; --       ; 0            ;
; Worst-case th                ; N/A   ; None          ; -2.706 ns   ; d       ; q$latch     ; --         ; enable   ; 0            ;
; Total number of failed paths ;       ;               ;             ;         ;             ;            ;          ; 0            ;
+------------------------------+-------+---------------+-------------+---------+-------------+------------+----------+--------------+


+--------------------------------------------------------------------------------------------------------------------+
; Timing Analyzer Settings                                                                                           ;
+---------------------------------------------------------------------+--------------------+------+----+-------------+
; Option                                                              ; Setting            ; From ; To ; Entity Name ;
+---------------------------------------------------------------------+--------------------+------+----+-------------+
; Device Name                                                         ; EP2S30F484C3       ;      ;    ;             ;
; Timing Models                                                       ; Final              ;      ;    ;             ;
; Default hold multicycle                                             ; Same as Multicycle ;      ;    ;             ;
; Cut paths between unrelated clock domains                           ; On                 ;      ;    ;             ;
; Cut off read during write signal paths                              ; On                 ;      ;    ;             ;
; Cut off feedback from I/O pins                                      ; On                 ;      ;    ;             ;
; Report Combined Fast/Slow Timing                                    ; Off                ;      ;    ;             ;
; Ignore Clock Settings                                               ; Off                ;      ;    ;             ;
; Analyze latches as synchronous elements                             ; On                 ;      ;    ;             ;
; Enable Recovery/Removal analysis                                    ; Off                ;      ;    ;             ;
; Enable Clock Latency                                                ; Off                ;      ;    ;             ;
; Use TimeQuest Timing Analyzer                                       ; Off                ;      ;    ;             ;
; Minimum Core Junction Temperature                                   ; 0                  ;      ;    ;             ;
; Maximum Core Junction Temperature                                   ; 85                 ;      ;    ;             ;
; Number of source nodes to report per destination node               ; 10                 ;      ;    ;             ;
; Number of destination nodes to report                               ; 10                 ;      ;    ;             ;
; Number of paths to report                                           ; 200                ;      ;    ;             ;
; Report Minimum Timing Checks                                        ; Off                ;      ;    ;             ;
; Use Fast Timing Models                                              ; Off                ;      ;    ;             ;
; Report IO Paths Separately                                          ; Off                ;      ;    ;             ;
; Perform Multicorner Analysis                                        ; On                 ;      ;    ;             ;
; Reports the worst-case path for each clock domain and analysis      ; Off                ;      ;    ;             ;
; Removes common clock path pessimism (CCPP) during slack computation ; Off                ;      ;    ;             ;
; Output I/O Timing Endpoint                                          ; Near End           ;      ;    ;             ;
+---------------------------------------------------------------------+--------------------+------+----+-------------+


+------------------------------------------------------------------------------------------------------------------------------------------------------------------------------------+
; Clock Settings Summary                                                                                                                                                             ;
+-----------------+--------------------+----------+------------------+---------------+--------------+----------+-----------------------+---------------------+--------+--------------+
; Clock Node Name ; Clock Setting Name ; Type     ; Fmax Requirement ; Early Latency ; Late Latency ; Based on ; Multiply Base Fmax by ; Divide Base Fmax by ; Offset ; Phase offset ;
+-----------------+--------------------+----------+------------------+---------------+--------------+----------+-----------------------+---------------------+--------+--------------+
; enable          ;                    ; User Pin ; None             ; 0.000 ns      ; 0.000 ns     ; --       ; N/A                   ; N/A                 ; N/A    ;              ;
+-----------------+--------------------+----------+------------------+---------------+--------------+----------+-----------------------+---------------------+--------+--------------+


+------------------------------------------+
; Parallel Compilation                     ;
+----------------------------+-------------+
; Processors                 ; Number      ;
+----------------------------+-------------+
; Number detected on machine ; 4           ;
; Maximum allowed            ; 4           ;
;                            ;             ;
; Average used               ; 1.00        ;
; Maximum used               ; 1           ;
;                            ;             ;
; Usage by Processor         ; % Time Used ;
;     1 processor            ; 100.0%      ;
;     2-4 processors         ;   0.0%      ;
+----------------------------+-------------+


+-------------------------------------------------------------------+
; tsu                                                               ;
+-------+--------------+------------+------+-------------+----------+
; Slack ; Required tsu ; Actual tsu ; From ; To          ; To Clock ;
+-------+--------------+------------+------+-------------+----------+
; N/A   ; None         ; 3.133 ns   ; d    ; q_not$latch ; enable   ;
; N/A   ; None         ; 3.118 ns   ; d    ; q$latch     ; enable   ;
+-------+--------------+------------+------+-------------+----------+


+----------------------------------------------------------------------+
; tco                                                                  ;
+-------+--------------+------------+-------------+-------+------------+
; Slack ; Required tco ; Actual tco ; From        ; To    ; From Clock ;
+-------+--------------+------------+-------------+-------+------------+
; N/A   ; None         ; 4.991 ns   ; q$latch     ; q     ; enable     ;
; N/A   ; None         ; 4.912 ns   ; q_not$latch ; q_not ; enable     ;
+-------+--------------+------------+-------------+-------+------------+


+-------------------------------------------------------------------------+
; th                                                                      ;
+---------------+-------------+-----------+------+-------------+----------+
; Minimum Slack ; Required th ; Actual th ; From ; To          ; To Clock ;
+---------------+-------------+-----------+------+-------------+----------+
; N/A           ; None        ; -2.706 ns ; d    ; q$latch     ; enable   ;
; N/A           ; None        ; -2.713 ns ; d    ; q_not$latch ; enable   ;
+---------------+-------------+-----------+------+-------------+----------+


+--------------------------+
; Timing Analyzer Messages ;
+--------------------------+
Info: *******************************************************************
Info: Running Quartus II Classic Timing Analyzer
    Info: Version 9.0 Build 132 02/25/2009 SJ Full Version
    Info: Processing started: Sat Jan 04 18:32:51 2020
Info: Command: quartus_tan --read_settings_files=off --write_settings_files=off d_flipflop -c d_flipflop --timing_analysis_only
Info: Parallel compilation is enabled and will use 4 of the 4 processors detected
Warning: Timing Analysis is analyzing one or more combinational loops as latches
    Warning: Node "q$latch" is a latch
    Warning: Node "q_not$latch" is a latch
Warning: Found pins functioning as undefined clocks and/or memory enables
    Info: Assuming node "enable" is a latch enable and/or memory write/read enable. Will not compute fmax for this pin.
Info: tsu for register "q_not$latch" (data pin = "d", clock pin = "enable") is 3.133 ns
    Info: + Longest pin to register delay is 5.017 ns
        Info: 1: + IC(0.000 ns) + CELL(0.820 ns) = 0.820 ns; Loc. = PIN_E20; Fanout = 2; PIN Node = 'd'
        Info: 2: + IC(3.925 ns) + CELL(0.272 ns) = 5.017 ns; Loc. = LCCOMB_X3_Y33_N22; Fanout = 1; REG Node = 'q_not$latch'
        Info: Total cell delay = 1.092 ns ( 21.77 % )
        Info: Total interconnect delay = 3.925 ns ( 78.23 % )
    Info: + Micro setup delay of destination is 0.420 ns
    Info: - Shortest clock path from clock "enable" to destination register is 2.304 ns
        Info: 1: + IC(0.000 ns) + CELL(0.844 ns) = 0.844 ns; Loc. = PIN_N20; Fanout = 1; CLK Node = 'enable'
        Info: 2: + IC(0.343 ns) + CELL(0.000 ns) = 1.187 ns; Loc. = CLKCTRL_G3; Fanout = 2; COMB Node = 'enable~clkctrl'
        Info: 3: + IC(1.064 ns) + CELL(0.053 ns) = 2.304 ns; Loc. = LCCOMB_X3_Y33_N22; Fanout = 1; REG Node = 'q_not$latch'
        Info: Total cell delay = 0.897 ns ( 38.93 % )
        Info: Total interconnect delay = 1.407 ns ( 61.07 % )
Info: tco from clock "enable" to destination pin "q" through register "q$latch" is 4.991 ns
    Info: + Longest clock path from clock "enable" to source register is 2.411 ns
        Info: 1: + IC(0.000 ns) + CELL(0.844 ns) = 0.844 ns; Loc. = PIN_N20; Fanout = 1; CLK Node = 'enable'
        Info: 2: + IC(0.343 ns) + CELL(0.000 ns) = 1.187 ns; Loc. = CLKCTRL_G3; Fanout = 2; COMB Node = 'enable~clkctrl'
        Info: 3: + IC(1.070 ns) + CELL(0.154 ns) = 2.411 ns; Loc. = LCCOMB_X3_Y33_N16; Fanout = 1; REG Node = 'q$latch'
        Info: Total cell delay = 0.998 ns ( 41.39 % )
        Info: Total interconnect delay = 1.413 ns ( 58.61 % )
    Info: + Micro clock to output delay of source is 0.000 ns
    Info: + Longest register to pin delay is 2.580 ns
        Info: 1: + IC(0.000 ns) + CELL(0.000 ns) = 0.000 ns; Loc. = LCCOMB_X3_Y33_N16; Fanout = 1; REG Node = 'q$latch'
        Info: 2: + IC(0.628 ns) + CELL(1.952 ns) = 2.580 ns; Loc. = PIN_E16; Fanout = 0; PIN Node = 'q'
        Info: Total cell delay = 1.952 ns ( 75.66 % )
        Info: Total interconnect delay = 0.628 ns ( 24.34 % )
Info: th for register "q$latch" (data pin = "d", clock pin = "enable") is -2.706 ns
    Info: + Longest clock path from clock "enable" to destination register is 2.411 ns
        Info: 1: + IC(0.000 ns) + CELL(0.844 ns) = 0.844 ns; Loc. = PIN_N20; Fanout = 1; CLK Node = 'enable'
        Info: 2: + IC(0.343 ns) + CELL(0.000 ns) = 1.187 ns; Loc. = CLKCTRL_G3; Fanout = 2; COMB Node = 'enable~clkctrl'
        Info: 3: + IC(1.070 ns) + CELL(0.154 ns) = 2.411 ns; Loc. = LCCOMB_X3_Y33_N16; Fanout = 1; REG Node = 'q$latch'
        Info: Total cell delay = 0.998 ns ( 41.39 % )
        Info: Total interconnect delay = 1.413 ns ( 58.61 % )
    Info: + Micro hold delay of destination is 0.000 ns
    Info: - Shortest pin to register delay is 5.117 ns
        Info: 1: + IC(0.000 ns) + CELL(0.820 ns) = 0.820 ns; Loc. = PIN_E20; Fanout = 2; PIN Node = 'd'
        Info: 2: + IC(3.940 ns) + CELL(0.357 ns) = 5.117 ns; Loc. = LCCOMB_X3_Y33_N16; Fanout = 1; REG Node = 'q$latch'
        Info: Total cell delay = 1.177 ns ( 23.00 % )
        Info: Total interconnect delay = 3.940 ns ( 77.00 % )
Info: Quartus II Classic Timing Analyzer was successful. 0 errors, 4 warnings
    Info: Peak virtual memory: 191 megabytes
    Info: Processing ended: Sat Jan 04 18:32:51 2020
    Info: Elapsed time: 00:00:00
    Info: Total CPU time (on all processors): 00:00:00


